2017-06-11 17:06:30.610 [vert.x-eventloop-thread-0] INFO  edu.vanderbilt.yunyul.vertxtw.TwitterWallVerticle - Initializing broadcaster...
2017-06-11 17:06:30.679 [vert.x-eventloop-thread-0] INFO  edu.vanderbilt.yunyul.vertxtw.TwitterWallVerticle - Initializing Twitter handler...
2017-06-11 17:06:31.053 [vert.x-eventloop-thread-0] INFO  edu.vanderbilt.yunyul.vertxtw.TwitterWallVerticle - Starting webserver...
2017-06-11 17:06:31.139 [vert.x-eventloop-thread-1] INFO  io.vertx.core.impl.launcher.commands.VertxIsolatedDeployer - Succeeded in deploying verticle
2017-06-11 17:16:30.031 [vertx-blocked-thread-checker] WARN  io.vertx.core.impl.BlockedThreadChecker - Thread Thread[vert.x-worker-thread-0,5,main] has been blocked for 599587 ms, time limit is 60000
io.vertx.core.VertxException: Thread blocked
	at java.lang.Thread.sleep(Native Method) ~[?:1.8.0_131]
	at edu.vanderbilt.yunyul.vertxtw.DummyWorkerVerticle.start(DummyWorkerVerticle.java:10) ~[vertx-twitter-wall-1.0-SNAPSHOT.jar:?]
	at io.vertx.core.AbstractVerticle.start(AbstractVerticle.java:111) ~[vertx-twitter-wall-1.0-SNAPSHOT.jar:?]
	at io.vertx.core.impl.DeploymentManager.lambda$doDeploy$8(DeploymentManager.java:434) ~[vertx-twitter-wall-1.0-SNAPSHOT.jar:?]
	at io.vertx.core.impl.DeploymentManager$$Lambda$40/1225038340.handle(Unknown Source) ~[?:?]
	at io.vertx.core.impl.ContextImpl.lambda$wrapTask$2(ContextImpl.java:337) ~[vertx-twitter-wall-1.0-SNAPSHOT.jar:?]
	at io.vertx.core.impl.ContextImpl$$Lambda$41/1627396964.run(Unknown Source) ~[?:?]
	at io.vertx.core.impl.TaskQueue.lambda$new$0(TaskQueue.java:60) ~[vertx-twitter-wall-1.0-SNAPSHOT.jar:?]
	at io.vertx.core.impl.TaskQueue$$Lambda$38/1014982340.run(Unknown Source) ~[?:?]
	at java.util.concurrent.ThreadPoolExecutor.runWorker(ThreadPoolExecutor.java:1142) ~[?:1.8.0_131]
	at java.util.concurrent.ThreadPoolExecutor$Worker.run(ThreadPoolExecutor.java:617) ~[?:1.8.0_131]
	at java.lang.Thread.run(Thread.java:748) ~[?:1.8.0_131]
2017-06-11 17:26:30.031 [vertx-blocked-thread-checker] WARN  io.vertx.core.impl.BlockedThreadChecker - Thread Thread[vert.x-worker-thread-0,5,main] has been blocked for 1199587 ms, time limit is 60000
io.vertx.core.VertxException: Thread blocked
	at java.lang.Thread.sleep(Native Method) ~[?:1.8.0_131]
	at edu.vanderbilt.yunyul.vertxtw.DummyWorkerVerticle.start(DummyWorkerVerticle.java:10) ~[vertx-twitter-wall-1.0-SNAPSHOT.jar:?]
	at io.vertx.core.AbstractVerticle.start(AbstractVerticle.java:111) ~[vertx-twitter-wall-1.0-SNAPSHOT.jar:?]
	at io.vertx.core.impl.DeploymentManager.lambda$doDeploy$8(DeploymentManager.java:434) ~[vertx-twitter-wall-1.0-SNAPSHOT.jar:?]
	at io.vertx.core.impl.DeploymentManager$$Lambda$40/1225038340.handle(Unknown Source) ~[?:?]
	at io.vertx.core.impl.ContextImpl.lambda$wrapTask$2(ContextImpl.java:337) ~[vertx-twitter-wall-1.0-SNAPSHOT.jar:?]
	at io.vertx.core.impl.ContextImpl$$Lambda$41/1627396964.run(Unknown Source) ~[?:?]
	at io.vertx.core.impl.TaskQueue.lambda$new$0(TaskQueue.java:60) ~[vertx-twitter-wall-1.0-SNAPSHOT.jar:?]
	at io.vertx.core.impl.TaskQueue$$Lambda$38/1014982340.run(Unknown Source) ~[?:?]
	at java.util.concurrent.ThreadPoolExecutor.runWorker(ThreadPoolExecutor.java:1142) ~[?:1.8.0_131]
	at java.util.concurrent.ThreadPoolExecutor$Worker.run(ThreadPoolExecutor.java:617) ~[?:1.8.0_131]
	at java.lang.Thread.run(Thread.java:748) ~[?:1.8.0_131]
2017-06-11 17:36:30.031 [vertx-blocked-thread-checker] WARN  io.vertx.core.impl.BlockedThreadChecker - Thread Thread[vert.x-worker-thread-0,5,main] has been blocked for 1799588 ms, time limit is 60000
io.vertx.core.VertxException: Thread blocked
	at java.lang.Thread.sleep(Native Method) ~[?:1.8.0_131]
	at edu.vanderbilt.yunyul.vertxtw.DummyWorkerVerticle.start(DummyWorkerVerticle.java:10) ~[vertx-twitter-wall-1.0-SNAPSHOT.jar:?]
	at io.vertx.core.AbstractVerticle.start(AbstractVerticle.java:111) ~[vertx-twitter-wall-1.0-SNAPSHOT.jar:?]
	at io.vertx.core.impl.DeploymentManager.lambda$doDeploy$8(DeploymentManager.java:434) ~[vertx-twitter-wall-1.0-SNAPSHOT.jar:?]
	at io.vertx.core.impl.DeploymentManager$$Lambda$40/1225038340.handle(Unknown Source) ~[?:?]
	at io.vertx.core.impl.ContextImpl.lambda$wrapTask$2(ContextImpl.java:337) ~[vertx-twitter-wall-1.0-SNAPSHOT.jar:?]
	at io.vertx.core.impl.ContextImpl$$Lambda$41/1627396964.run(Unknown Source) ~[?:?]
	at io.vertx.core.impl.TaskQueue.lambda$new$0(TaskQueue.java:60) ~[vertx-twitter-wall-1.0-SNAPSHOT.jar:?]
	at io.vertx.core.impl.TaskQueue$$Lambda$38/1014982340.run(Unknown Source) ~[?:?]
	at java.util.concurrent.ThreadPoolExecutor.runWorker(ThreadPoolExecutor.java:1142) ~[?:1.8.0_131]
	at java.util.concurrent.ThreadPoolExecutor$Worker.run(ThreadPoolExecutor.java:617) ~[?:1.8.0_131]
	at java.lang.Thread.run(Thread.java:748) ~[?:1.8.0_131]
2017-06-11 17:46:30.032 [vertx-blocked-thread-checker] WARN  io.vertx.core.impl.BlockedThreadChecker - Thread Thread[vert.x-worker-thread-0,5,main] has been blocked for 2399589 ms, time limit is 60000
io.vertx.core.VertxException: Thread blocked
	at java.lang.Thread.sleep(Native Method) ~[?:1.8.0_131]
	at edu.vanderbilt.yunyul.vertxtw.DummyWorkerVerticle.start(DummyWorkerVerticle.java:10) ~[vertx-twitter-wall-1.0-SNAPSHOT.jar:?]
	at io.vertx.core.AbstractVerticle.start(AbstractVerticle.java:111) ~[vertx-twitter-wall-1.0-SNAPSHOT.jar:?]
	at io.vertx.core.impl.DeploymentManager.lambda$doDeploy$8(DeploymentManager.java:434) ~[vertx-twitter-wall-1.0-SNAPSHOT.jar:?]
	at io.vertx.core.impl.DeploymentManager$$Lambda$40/1225038340.handle(Unknown Source) ~[?:?]
	at io.vertx.core.impl.ContextImpl.lambda$wrapTask$2(ContextImpl.java:337) ~[vertx-twitter-wall-1.0-SNAPSHOT.jar:?]
	at io.vertx.core.impl.ContextImpl$$Lambda$41/1627396964.run(Unknown Source) ~[?:?]
	at io.vertx.core.impl.TaskQueue.lambda$new$0(TaskQueue.java:60) ~[vertx-twitter-wall-1.0-SNAPSHOT.jar:?]
	at io.vertx.core.impl.TaskQueue$$Lambda$38/1014982340.run(Unknown Source) ~[?:?]
	at java.util.concurrent.ThreadPoolExecutor.runWorker(ThreadPoolExecutor.java:1142) ~[?:1.8.0_131]
	at java.util.concurrent.ThreadPoolExecutor$Worker.run(ThreadPoolExecutor.java:617) ~[?:1.8.0_131]
	at java.lang.Thread.run(Thread.java:748) ~[?:1.8.0_131]
2017-06-11 17:54:16.669 [vert.x-eventloop-thread-0] INFO  edu.vanderbilt.yunyul.vertxtw.TwitterWallVerticle - Tracking resist
2017-06-11 17:54:17.052 [pool-4-thread-1] INFO  edu.vanderbilt.yunyul.vertxtw.TwitterWallVerticle - Tracking tag queue: [resist]
2017-06-11 17:54:17.172 [pool-2-thread-1] INFO  edu.vanderbilt.yunyul.vertxtw.TwitterWallVerticle - Filtering to [resist]
2017-06-11 17:54:17.172 [pool-2-thread-1] INFO  edu.vanderbilt.yunyul.vertxtw.TwitterWallVerticle - Stream disconnected
2017-06-11 17:54:18.126 [Twitter Stream consumer /  [1][Establishing connection]] INFO  edu.vanderbilt.yunyul.vertxtw.TwitterWallVerticle - Registered stream connection
2017-06-11 17:54:26.142 [vert.x-eventloop-thread-0] INFO  edu.vanderbilt.yunyul.vertxtw.TwitterWallVerticle - Untracking resist
2017-06-11 17:56:30.033 [vertx-blocked-thread-checker] WARN  io.vertx.core.impl.BlockedThreadChecker - Thread Thread[vert.x-worker-thread-0,5,main] has been blocked for 2999590 ms, time limit is 60000
io.vertx.core.VertxException: Thread blocked
	at java.lang.Thread.sleep(Native Method) ~[?:1.8.0_131]
	at edu.vanderbilt.yunyul.vertxtw.DummyWorkerVerticle.start(DummyWorkerVerticle.java:10) ~[vertx-twitter-wall-1.0-SNAPSHOT.jar:?]
	at io.vertx.core.AbstractVerticle.start(AbstractVerticle.java:111) ~[vertx-twitter-wall-1.0-SNAPSHOT.jar:?]
	at io.vertx.core.impl.DeploymentManager.lambda$doDeploy$8(DeploymentManager.java:434) ~[vertx-twitter-wall-1.0-SNAPSHOT.jar:?]
	at io.vertx.core.impl.DeploymentManager$$Lambda$40/1225038340.handle(Unknown Source) ~[?:?]
	at io.vertx.core.impl.ContextImpl.lambda$wrapTask$2(ContextImpl.java:337) ~[vertx-twitter-wall-1.0-SNAPSHOT.jar:?]
	at io.vertx.core.impl.ContextImpl$$Lambda$41/1627396964.run(Unknown Source) ~[?:?]
	at io.vertx.core.impl.TaskQueue.lambda$new$0(TaskQueue.java:60) ~[vertx-twitter-wall-1.0-SNAPSHOT.jar:?]
	at io.vertx.core.impl.TaskQueue$$Lambda$38/1014982340.run(Unknown Source) ~[?:?]
	at java.util.concurrent.ThreadPoolExecutor.runWorker(ThreadPoolExecutor.java:1142) ~[?:1.8.0_131]
	at java.util.concurrent.ThreadPoolExecutor$Worker.run(ThreadPoolExecutor.java:617) ~[?:1.8.0_131]
	at java.lang.Thread.run(Thread.java:748) ~[?:1.8.0_131]
2017-06-11 17:58:25.924 [vert.x-eventloop-thread-0] INFO  edu.vanderbilt.yunyul.vertxtw.TwitterWallVerticle - Tracking resist
2017-06-11 17:58:40.071 [vert.x-eventloop-thread-0] INFO  edu.vanderbilt.yunyul.vertxtw.TwitterWallVerticle - Untracking resist
2017-06-11 17:58:40.072 [vert.x-eventloop-thread-0] INFO  edu.vanderbilt.yunyul.vertxtw.TwitterWallVerticle - Tracking june
2017-06-11 17:58:40.572 [pool-2-thread-1] INFO  edu.vanderbilt.yunyul.vertxtw.TwitterWallVerticle - Filtering to [june]
2017-06-11 17:58:40.573 [pool-2-thread-1] INFO  edu.vanderbilt.yunyul.vertxtw.TwitterWallVerticle - Stream disconnected
2017-06-11 17:58:41.052 [pool-4-thread-1] INFO  edu.vanderbilt.yunyul.vertxtw.TwitterWallVerticle - Tracking tag queue: [june]
2017-06-11 17:58:41.437 [Twitter Stream consumer /  [2][Establishing connection]] INFO  edu.vanderbilt.yunyul.vertxtw.TwitterWallVerticle - Registered stream connection
2017-06-11 17:58:47.668 [vert.x-eventloop-thread-0] INFO  edu.vanderbilt.yunyul.vertxtw.TwitterWallVerticle - Untracking june
2017-06-11 18:06:30.033 [vertx-blocked-thread-checker] WARN  io.vertx.core.impl.BlockedThreadChecker - Thread Thread[vert.x-worker-thread-0,5,main] has been blocked for 3599590 ms, time limit is 60000
io.vertx.core.VertxException: Thread blocked
	at java.lang.Thread.sleep(Native Method) ~[?:1.8.0_131]
	at edu.vanderbilt.yunyul.vertxtw.DummyWorkerVerticle.start(DummyWorkerVerticle.java:10) ~[vertx-twitter-wall-1.0-SNAPSHOT.jar:?]
	at io.vertx.core.AbstractVerticle.start(AbstractVerticle.java:111) ~[vertx-twitter-wall-1.0-SNAPSHOT.jar:?]
	at io.vertx.core.impl.DeploymentManager.lambda$doDeploy$8(DeploymentManager.java:434) ~[vertx-twitter-wall-1.0-SNAPSHOT.jar:?]
	at io.vertx.core.impl.DeploymentManager$$Lambda$40/1225038340.handle(Unknown Source) ~[?:?]
	at io.vertx.core.impl.ContextImpl.lambda$wrapTask$2(ContextImpl.java:337) ~[vertx-twitter-wall-1.0-SNAPSHOT.jar:?]
	at io.vertx.core.impl.ContextImpl$$Lambda$41/1627396964.run(Unknown Source) ~[?:?]
	at io.vertx.core.impl.TaskQueue.lambda$new$0(TaskQueue.java:60) ~[vertx-twitter-wall-1.0-SNAPSHOT.jar:?]
	at io.vertx.core.impl.TaskQueue$$Lambda$38/1014982340.run(Unknown Source) ~[?:?]
	at java.util.concurrent.ThreadPoolExecutor.runWorker(ThreadPoolExecutor.java:1142) ~[?:1.8.0_131]
	at java.util.concurrent.ThreadPoolExecutor$Worker.run(ThreadPoolExecutor.java:617) ~[?:1.8.0_131]
	at java.lang.Thread.run(Thread.java:748) ~[?:1.8.0_131]
2017-06-11 18:16:30.034 [vertx-blocked-thread-checker] WARN  io.vertx.core.impl.BlockedThreadChecker - Thread Thread[vert.x-worker-thread-0,5,main] has been blocked for 4199590 ms, time limit is 60000
io.vertx.core.VertxException: Thread blocked
	at java.lang.Thread.sleep(Native Method) ~[?:1.8.0_131]
	at edu.vanderbilt.yunyul.vertxtw.DummyWorkerVerticle.start(DummyWorkerVerticle.java:10) ~[vertx-twitter-wall-1.0-SNAPSHOT.jar:?]
	at io.vertx.core.AbstractVerticle.start(AbstractVerticle.java:111) ~[vertx-twitter-wall-1.0-SNAPSHOT.jar:?]
	at io.vertx.core.impl.DeploymentManager.lambda$doDeploy$8(DeploymentManager.java:434) ~[vertx-twitter-wall-1.0-SNAPSHOT.jar:?]
	at io.vertx.core.impl.DeploymentManager$$Lambda$40/1225038340.handle(Unknown Source) ~[?:?]
	at io.vertx.core.impl.ContextImpl.lambda$wrapTask$2(ContextImpl.java:337) ~[vertx-twitter-wall-1.0-SNAPSHOT.jar:?]
	at io.vertx.core.impl.ContextImpl$$Lambda$41/1627396964.run(Unknown Source) ~[?:?]
	at io.vertx.core.impl.TaskQueue.lambda$new$0(TaskQueue.java:60) ~[vertx-twitter-wall-1.0-SNAPSHOT.jar:?]
	at io.vertx.core.impl.TaskQueue$$Lambda$38/1014982340.run(Unknown Source) ~[?:?]
	at java.util.concurrent.ThreadPoolExecutor.runWorker(ThreadPoolExecutor.java:1142) ~[?:1.8.0_131]
	at java.util.concurrent.ThreadPoolExecutor$Worker.run(ThreadPoolExecutor.java:617) ~[?:1.8.0_131]
	at java.lang.Thread.run(Thread.java:748) ~[?:1.8.0_131]
2017-06-11 18:26:30.034 [vertx-blocked-thread-checker] WARN  io.vertx.core.impl.BlockedThreadChecker - Thread Thread[vert.x-worker-thread-0,5,main] has been blocked for 4799591 ms, time limit is 60000
io.vertx.core.VertxException: Thread blocked
	at java.lang.Thread.sleep(Native Method) ~[?:1.8.0_131]
	at edu.vanderbilt.yunyul.vertxtw.DummyWorkerVerticle.start(DummyWorkerVerticle.java:10) ~[vertx-twitter-wall-1.0-SNAPSHOT.jar:?]
	at io.vertx.core.AbstractVerticle.start(AbstractVerticle.java:111) ~[vertx-twitter-wall-1.0-SNAPSHOT.jar:?]
	at io.vertx.core.impl.DeploymentManager.lambda$doDeploy$8(DeploymentManager.java:434) ~[vertx-twitter-wall-1.0-SNAPSHOT.jar:?]
	at io.vertx.core.impl.DeploymentManager$$Lambda$40/1225038340.handle(Unknown Source) ~[?:?]
	at io.vertx.core.impl.ContextImpl.lambda$wrapTask$2(ContextImpl.java:337) ~[vertx-twitter-wall-1.0-SNAPSHOT.jar:?]
	at io.vertx.core.impl.ContextImpl$$Lambda$41/1627396964.run(Unknown Source) ~[?:?]
	at io.vertx.core.impl.TaskQueue.lambda$new$0(TaskQueue.java:60) ~[vertx-twitter-wall-1.0-SNAPSHOT.jar:?]
	at io.vertx.core.impl.TaskQueue$$Lambda$38/1014982340.run(Unknown Source) ~[?:?]
	at java.util.concurrent.ThreadPoolExecutor.runWorker(ThreadPoolExecutor.java:1142) ~[?:1.8.0_131]
	at java.util.concurrent.ThreadPoolExecutor$Worker.run(ThreadPoolExecutor.java:617) ~[?:1.8.0_131]
	at java.lang.Thread.run(Thread.java:748) ~[?:1.8.0_131]
2017-06-11 18:36:30.035 [vertx-blocked-thread-checker] WARN  io.vertx.core.impl.BlockedThreadChecker - Thread Thread[vert.x-worker-thread-0,5,main] has been blocked for 5399591 ms, time limit is 60000
io.vertx.core.VertxException: Thread blocked
	at java.lang.Thread.sleep(Native Method) ~[?:1.8.0_131]
	at edu.vanderbilt.yunyul.vertxtw.DummyWorkerVerticle.start(DummyWorkerVerticle.java:10) ~[vertx-twitter-wall-1.0-SNAPSHOT.jar:?]
	at io.vertx.core.AbstractVerticle.start(AbstractVerticle.java:111) ~[vertx-twitter-wall-1.0-SNAPSHOT.jar:?]
	at io.vertx.core.impl.DeploymentManager.lambda$doDeploy$8(DeploymentManager.java:434) ~[vertx-twitter-wall-1.0-SNAPSHOT.jar:?]
	at io.vertx.core.impl.DeploymentManager$$Lambda$40/1225038340.handle(Unknown Source) ~[?:?]
	at io.vertx.core.impl.ContextImpl.lambda$wrapTask$2(ContextImpl.java:337) ~[vertx-twitter-wall-1.0-SNAPSHOT.jar:?]
	at io.vertx.core.impl.ContextImpl$$Lambda$41/1627396964.run(Unknown Source) ~[?:?]
	at io.vertx.core.impl.TaskQueue.lambda$new$0(TaskQueue.java:60) ~[vertx-twitter-wall-1.0-SNAPSHOT.jar:?]
	at io.vertx.core.impl.TaskQueue$$Lambda$38/1014982340.run(Unknown Source) ~[?:?]
	at java.util.concurrent.ThreadPoolExecutor.runWorker(ThreadPoolExecutor.java:1142) ~[?:1.8.0_131]
	at java.util.concurrent.ThreadPoolExecutor$Worker.run(ThreadPoolExecutor.java:617) ~[?:1.8.0_131]
	at java.lang.Thread.run(Thread.java:748) ~[?:1.8.0_131]
2017-06-11 18:46:30.036 [vertx-blocked-thread-checker] WARN  io.vertx.core.impl.BlockedThreadChecker - Thread Thread[vert.x-worker-thread-0,5,main] has been blocked for 5999592 ms, time limit is 60000
io.vertx.core.VertxException: Thread blocked
	at java.lang.Thread.sleep(Native Method) ~[?:1.8.0_131]
	at edu.vanderbilt.yunyul.vertxtw.DummyWorkerVerticle.start(DummyWorkerVerticle.java:10) ~[vertx-twitter-wall-1.0-SNAPSHOT.jar:?]
	at io.vertx.core.AbstractVerticle.start(AbstractVerticle.java:111) ~[vertx-twitter-wall-1.0-SNAPSHOT.jar:?]
	at io.vertx.core.impl.DeploymentManager.lambda$doDeploy$8(DeploymentManager.java:434) ~[vertx-twitter-wall-1.0-SNAPSHOT.jar:?]
	at io.vertx.core.impl.DeploymentManager$$Lambda$40/1225038340.handle(Unknown Source) ~[?:?]
	at io.vertx.core.impl.ContextImpl.lambda$wrapTask$2(ContextImpl.java:337) ~[vertx-twitter-wall-1.0-SNAPSHOT.jar:?]
	at io.vertx.core.impl.ContextImpl$$Lambda$41/1627396964.run(Unknown Source) ~[?:?]
	at io.vertx.core.impl.TaskQueue.lambda$new$0(TaskQueue.java:60) ~[vertx-twitter-wall-1.0-SNAPSHOT.jar:?]
	at io.vertx.core.impl.TaskQueue$$Lambda$38/1014982340.run(Unknown Source) ~[?:?]
	at java.util.concurrent.ThreadPoolExecutor.runWorker(ThreadPoolExecutor.java:1142) ~[?:1.8.0_131]
	at java.util.concurrent.ThreadPoolExecutor$Worker.run(ThreadPoolExecutor.java:617) ~[?:1.8.0_131]
	at java.lang.Thread.run(Thread.java:748) ~[?:1.8.0_131]
2017-06-11 18:56:30.037 [vertx-blocked-thread-checker] WARN  io.vertx.core.impl.BlockedThreadChecker - Thread Thread[vert.x-worker-thread-0,5,main] has been blocked for 6599594 ms, time limit is 60000
io.vertx.core.VertxException: Thread blocked
	at java.lang.Thread.sleep(Native Method) ~[?:1.8.0_131]
	at edu.vanderbilt.yunyul.vertxtw.DummyWorkerVerticle.start(DummyWorkerVerticle.java:10) ~[vertx-twitter-wall-1.0-SNAPSHOT.jar:?]
	at io.vertx.core.AbstractVerticle.start(AbstractVerticle.java:111) ~[vertx-twitter-wall-1.0-SNAPSHOT.jar:?]
	at io.vertx.core.impl.DeploymentManager.lambda$doDeploy$8(DeploymentManager.java:434) ~[vertx-twitter-wall-1.0-SNAPSHOT.jar:?]
	at io.vertx.core.impl.DeploymentManager$$Lambda$40/1225038340.handle(Unknown Source) ~[?:?]
	at io.vertx.core.impl.ContextImpl.lambda$wrapTask$2(ContextImpl.java:337) ~[vertx-twitter-wall-1.0-SNAPSHOT.jar:?]
	at io.vertx.core.impl.ContextImpl$$Lambda$41/1627396964.run(Unknown Source) ~[?:?]
	at io.vertx.core.impl.TaskQueue.lambda$new$0(TaskQueue.java:60) ~[vertx-twitter-wall-1.0-SNAPSHOT.jar:?]
	at io.vertx.core.impl.TaskQueue$$Lambda$38/1014982340.run(Unknown Source) ~[?:?]
	at java.util.concurrent.ThreadPoolExecutor.runWorker(ThreadPoolExecutor.java:1142) ~[?:1.8.0_131]
	at java.util.concurrent.ThreadPoolExecutor$Worker.run(ThreadPoolExecutor.java:617) ~[?:1.8.0_131]
	at java.lang.Thread.run(Thread.java:748) ~[?:1.8.0_131]
2017-06-11 19:06:30.037 [vertx-blocked-thread-checker] WARN  io.vertx.core.impl.BlockedThreadChecker - Thread Thread[vert.x-worker-thread-0,5,main] has been blocked for 7199594 ms, time limit is 60000
io.vertx.core.VertxException: Thread blocked
	at java.lang.Thread.sleep(Native Method) ~[?:1.8.0_131]
	at edu.vanderbilt.yunyul.vertxtw.DummyWorkerVerticle.start(DummyWorkerVerticle.java:10) ~[vertx-twitter-wall-1.0-SNAPSHOT.jar:?]
	at io.vertx.core.AbstractVerticle.start(AbstractVerticle.java:111) ~[vertx-twitter-wall-1.0-SNAPSHOT.jar:?]
	at io.vertx.core.impl.DeploymentManager.lambda$doDeploy$8(DeploymentManager.java:434) ~[vertx-twitter-wall-1.0-SNAPSHOT.jar:?]
	at io.vertx.core.impl.DeploymentManager$$Lambda$40/1225038340.handle(Unknown Source) ~[?:?]
	at io.vertx.core.impl.ContextImpl.lambda$wrapTask$2(ContextImpl.java:337) ~[vertx-twitter-wall-1.0-SNAPSHOT.jar:?]
	at io.vertx.core.impl.ContextImpl$$Lambda$41/1627396964.run(Unknown Source) ~[?:?]
	at io.vertx.core.impl.TaskQueue.lambda$new$0(TaskQueue.java:60) ~[vertx-twitter-wall-1.0-SNAPSHOT.jar:?]
	at io.vertx.core.impl.TaskQueue$$Lambda$38/1014982340.run(Unknown Source) ~[?:?]
	at java.util.concurrent.ThreadPoolExecutor.runWorker(ThreadPoolExecutor.java:1142) ~[?:1.8.0_131]
	at java.util.concurrent.ThreadPoolExecutor$Worker.run(ThreadPoolExecutor.java:617) ~[?:1.8.0_131]
	at java.lang.Thread.run(Thread.java:748) ~[?:1.8.0_131]
2017-06-11 19:16:30.037 [vertx-blocked-thread-checker] WARN  io.vertx.core.impl.BlockedThreadChecker - Thread Thread[vert.x-worker-thread-0,5,main] has been blocked for 7799594 ms, time limit is 60000
io.vertx.core.VertxException: Thread blocked
	at java.lang.Thread.sleep(Native Method) ~[?:1.8.0_131]
	at edu.vanderbilt.yunyul.vertxtw.DummyWorkerVerticle.start(DummyWorkerVerticle.java:10) ~[vertx-twitter-wall-1.0-SNAPSHOT.jar:?]
	at io.vertx.core.AbstractVerticle.start(AbstractVerticle.java:111) ~[vertx-twitter-wall-1.0-SNAPSHOT.jar:?]
	at io.vertx.core.impl.DeploymentManager.lambda$doDeploy$8(DeploymentManager.java:434) ~[vertx-twitter-wall-1.0-SNAPSHOT.jar:?]
	at io.vertx.core.impl.DeploymentManager$$Lambda$40/1225038340.handle(Unknown Source) ~[?:?]
	at io.vertx.core.impl.ContextImpl.lambda$wrapTask$2(ContextImpl.java:337) ~[vertx-twitter-wall-1.0-SNAPSHOT.jar:?]
	at io.vertx.core.impl.ContextImpl$$Lambda$41/1627396964.run(Unknown Source) ~[?:?]
	at io.vertx.core.impl.TaskQueue.lambda$new$0(TaskQueue.java:60) ~[vertx-twitter-wall-1.0-SNAPSHOT.jar:?]
	at io.vertx.core.impl.TaskQueue$$Lambda$38/1014982340.run(Unknown Source) ~[?:?]
	at java.util.concurrent.ThreadPoolExecutor.runWorker(ThreadPoolExecutor.java:1142) ~[?:1.8.0_131]
	at java.util.concurrent.ThreadPoolExecutor$Worker.run(ThreadPoolExecutor.java:617) ~[?:1.8.0_131]
	at java.lang.Thread.run(Thread.java:748) ~[?:1.8.0_131]
2017-06-11 19:26:30.038 [vertx-blocked-thread-checker] WARN  io.vertx.core.impl.BlockedThreadChecker - Thread Thread[vert.x-worker-thread-0,5,main] has been blocked for 8399595 ms, time limit is 60000
io.vertx.core.VertxException: Thread blocked
	at java.lang.Thread.sleep(Native Method) ~[?:1.8.0_131]
	at edu.vanderbilt.yunyul.vertxtw.DummyWorkerVerticle.start(DummyWorkerVerticle.java:10) ~[vertx-twitter-wall-1.0-SNAPSHOT.jar:?]
	at io.vertx.core.AbstractVerticle.start(AbstractVerticle.java:111) ~[vertx-twitter-wall-1.0-SNAPSHOT.jar:?]
	at io.vertx.core.impl.DeploymentManager.lambda$doDeploy$8(DeploymentManager.java:434) ~[vertx-twitter-wall-1.0-SNAPSHOT.jar:?]
	at io.vertx.core.impl.DeploymentManager$$Lambda$40/1225038340.handle(Unknown Source) ~[?:?]
	at io.vertx.core.impl.ContextImpl.lambda$wrapTask$2(ContextImpl.java:337) ~[vertx-twitter-wall-1.0-SNAPSHOT.jar:?]
	at io.vertx.core.impl.ContextImpl$$Lambda$41/1627396964.run(Unknown Source) ~[?:?]
	at io.vertx.core.impl.TaskQueue.lambda$new$0(TaskQueue.java:60) ~[vertx-twitter-wall-1.0-SNAPSHOT.jar:?]
	at io.vertx.core.impl.TaskQueue$$Lambda$38/1014982340.run(Unknown Source) ~[?:?]
	at java.util.concurrent.ThreadPoolExecutor.runWorker(ThreadPoolExecutor.java:1142) ~[?:1.8.0_131]
	at java.util.concurrent.ThreadPoolExecutor$Worker.run(ThreadPoolExecutor.java:617) ~[?:1.8.0_131]
	at java.lang.Thread.run(Thread.java:748) ~[?:1.8.0_131]
2017-06-11 19:36:30.038 [vertx-blocked-thread-checker] WARN  io.vertx.core.impl.BlockedThreadChecker - Thread Thread[vert.x-worker-thread-0,5,main] has been blocked for 8999595 ms, time limit is 60000
io.vertx.core.VertxException: Thread blocked
	at java.lang.Thread.sleep(Native Method) ~[?:1.8.0_131]
	at edu.vanderbilt.yunyul.vertxtw.DummyWorkerVerticle.start(DummyWorkerVerticle.java:10) ~[vertx-twitter-wall-1.0-SNAPSHOT.jar:?]
	at io.vertx.core.AbstractVerticle.start(AbstractVerticle.java:111) ~[vertx-twitter-wall-1.0-SNAPSHOT.jar:?]
	at io.vertx.core.impl.DeploymentManager.lambda$doDeploy$8(DeploymentManager.java:434) ~[vertx-twitter-wall-1.0-SNAPSHOT.jar:?]
	at io.vertx.core.impl.DeploymentManager$$Lambda$40/1225038340.handle(Unknown Source) ~[?:?]
	at io.vertx.core.impl.ContextImpl.lambda$wrapTask$2(ContextImpl.java:337) ~[vertx-twitter-wall-1.0-SNAPSHOT.jar:?]
	at io.vertx.core.impl.ContextImpl$$Lambda$41/1627396964.run(Unknown Source) ~[?:?]
	at io.vertx.core.impl.TaskQueue.lambda$new$0(TaskQueue.java:60) ~[vertx-twitter-wall-1.0-SNAPSHOT.jar:?]
	at io.vertx.core.impl.TaskQueue$$Lambda$38/1014982340.run(Unknown Source) ~[?:?]
	at java.util.concurrent.ThreadPoolExecutor.runWorker(ThreadPoolExecutor.java:1142) ~[?:1.8.0_131]
	at java.util.concurrent.ThreadPoolExecutor$Worker.run(ThreadPoolExecutor.java:617) ~[?:1.8.0_131]
	at java.lang.Thread.run(Thread.java:748) ~[?:1.8.0_131]
2017-06-11 19:46:30.039 [vertx-blocked-thread-checker] WARN  io.vertx.core.impl.BlockedThreadChecker - Thread Thread[vert.x-worker-thread-0,5,main] has been blocked for 9599595 ms, time limit is 60000
io.vertx.core.VertxException: Thread blocked
	at java.lang.Thread.sleep(Native Method) ~[?:1.8.0_131]
	at edu.vanderbilt.yunyul.vertxtw.DummyWorkerVerticle.start(DummyWorkerVerticle.java:10) ~[vertx-twitter-wall-1.0-SNAPSHOT.jar:?]
	at io.vertx.core.AbstractVerticle.start(AbstractVerticle.java:111) ~[vertx-twitter-wall-1.0-SNAPSHOT.jar:?]
	at io.vertx.core.impl.DeploymentManager.lambda$doDeploy$8(DeploymentManager.java:434) ~[vertx-twitter-wall-1.0-SNAPSHOT.jar:?]
	at io.vertx.core.impl.DeploymentManager$$Lambda$40/1225038340.handle(Unknown Source) ~[?:?]
	at io.vertx.core.impl.ContextImpl.lambda$wrapTask$2(ContextImpl.java:337) ~[vertx-twitter-wall-1.0-SNAPSHOT.jar:?]
	at io.vertx.core.impl.ContextImpl$$Lambda$41/1627396964.run(Unknown Source) ~[?:?]
	at io.vertx.core.impl.TaskQueue.lambda$new$0(TaskQueue.java:60) ~[vertx-twitter-wall-1.0-SNAPSHOT.jar:?]
	at io.vertx.core.impl.TaskQueue$$Lambda$38/1014982340.run(Unknown Source) ~[?:?]
	at java.util.concurrent.ThreadPoolExecutor.runWorker(ThreadPoolExecutor.java:1142) ~[?:1.8.0_131]
	at java.util.concurrent.ThreadPoolExecutor$Worker.run(ThreadPoolExecutor.java:617) ~[?:1.8.0_131]
	at java.lang.Thread.run(Thread.java:748) ~[?:1.8.0_131]
2017-06-11 19:56:30.040 [vertx-blocked-thread-checker] WARN  io.vertx.core.impl.BlockedThreadChecker - Thread Thread[vert.x-worker-thread-0,5,main] has been blocked for 10199597 ms, time limit is 60000
io.vertx.core.VertxException: Thread blocked
	at java.lang.Thread.sleep(Native Method) ~[?:1.8.0_131]
	at edu.vanderbilt.yunyul.vertxtw.DummyWorkerVerticle.start(DummyWorkerVerticle.java:10) ~[vertx-twitter-wall-1.0-SNAPSHOT.jar:?]
	at io.vertx.core.AbstractVerticle.start(AbstractVerticle.java:111) ~[vertx-twitter-wall-1.0-SNAPSHOT.jar:?]
	at io.vertx.core.impl.DeploymentManager.lambda$doDeploy$8(DeploymentManager.java:434) ~[vertx-twitter-wall-1.0-SNAPSHOT.jar:?]
	at io.vertx.core.impl.DeploymentManager$$Lambda$40/1225038340.handle(Unknown Source) ~[?:?]
	at io.vertx.core.impl.ContextImpl.lambda$wrapTask$2(ContextImpl.java:337) ~[vertx-twitter-wall-1.0-SNAPSHOT.jar:?]
	at io.vertx.core.impl.ContextImpl$$Lambda$41/1627396964.run(Unknown Source) ~[?:?]
	at io.vertx.core.impl.TaskQueue.lambda$new$0(TaskQueue.java:60) ~[vertx-twitter-wall-1.0-SNAPSHOT.jar:?]
	at io.vertx.core.impl.TaskQueue$$Lambda$38/1014982340.run(Unknown Source) ~[?:?]
	at java.util.concurrent.ThreadPoolExecutor.runWorker(ThreadPoolExecutor.java:1142) ~[?:1.8.0_131]
	at java.util.concurrent.ThreadPoolExecutor$Worker.run(ThreadPoolExecutor.java:617) ~[?:1.8.0_131]
	at java.lang.Thread.run(Thread.java:748) ~[?:1.8.0_131]
2017-06-11 20:06:30.040 [vertx-blocked-thread-checker] WARN  io.vertx.core.impl.BlockedThreadChecker - Thread Thread[vert.x-worker-thread-0,5,main] has been blocked for 10799597 ms, time limit is 60000
io.vertx.core.VertxException: Thread blocked
	at java.lang.Thread.sleep(Native Method) ~[?:1.8.0_131]
	at edu.vanderbilt.yunyul.vertxtw.DummyWorkerVerticle.start(DummyWorkerVerticle.java:10) ~[vertx-twitter-wall-1.0-SNAPSHOT.jar:?]
	at io.vertx.core.AbstractVerticle.start(AbstractVerticle.java:111) ~[vertx-twitter-wall-1.0-SNAPSHOT.jar:?]
	at io.vertx.core.impl.DeploymentManager.lambda$doDeploy$8(DeploymentManager.java:434) ~[vertx-twitter-wall-1.0-SNAPSHOT.jar:?]
	at io.vertx.core.impl.DeploymentManager$$Lambda$40/1225038340.handle(Unknown Source) ~[?:?]
	at io.vertx.core.impl.ContextImpl.lambda$wrapTask$2(ContextImpl.java:337) ~[vertx-twitter-wall-1.0-SNAPSHOT.jar:?]
	at io.vertx.core.impl.ContextImpl$$Lambda$41/1627396964.run(Unknown Source) ~[?:?]
	at io.vertx.core.impl.TaskQueue.lambda$new$0(TaskQueue.java:60) ~[vertx-twitter-wall-1.0-SNAPSHOT.jar:?]
	at io.vertx.core.impl.TaskQueue$$Lambda$38/1014982340.run(Unknown Source) ~[?:?]
	at java.util.concurrent.ThreadPoolExecutor.runWorker(ThreadPoolExecutor.java:1142) ~[?:1.8.0_131]
	at java.util.concurrent.ThreadPoolExecutor$Worker.run(ThreadPoolExecutor.java:617) ~[?:1.8.0_131]
	at java.lang.Thread.run(Thread.java:748) ~[?:1.8.0_131]
2017-06-11 20:16:30.041 [vertx-blocked-thread-checker] WARN  io.vertx.core.impl.BlockedThreadChecker - Thread Thread[vert.x-worker-thread-0,5,main] has been blocked for 11399597 ms, time limit is 60000
io.vertx.core.VertxException: Thread blocked
	at java.lang.Thread.sleep(Native Method) ~[?:1.8.0_131]
	at edu.vanderbilt.yunyul.vertxtw.DummyWorkerVerticle.start(DummyWorkerVerticle.java:10) ~[vertx-twitter-wall-1.0-SNAPSHOT.jar:?]
	at io.vertx.core.AbstractVerticle.start(AbstractVerticle.java:111) ~[vertx-twitter-wall-1.0-SNAPSHOT.jar:?]
	at io.vertx.core.impl.DeploymentManager.lambda$doDeploy$8(DeploymentManager.java:434) ~[vertx-twitter-wall-1.0-SNAPSHOT.jar:?]
	at io.vertx.core.impl.DeploymentManager$$Lambda$40/1225038340.handle(Unknown Source) ~[?:?]
	at io.vertx.core.impl.ContextImpl.lambda$wrapTask$2(ContextImpl.java:337) ~[vertx-twitter-wall-1.0-SNAPSHOT.jar:?]
	at io.vertx.core.impl.ContextImpl$$Lambda$41/1627396964.run(Unknown Source) ~[?:?]
	at io.vertx.core.impl.TaskQueue.lambda$new$0(TaskQueue.java:60) ~[vertx-twitter-wall-1.0-SNAPSHOT.jar:?]
	at io.vertx.core.impl.TaskQueue$$Lambda$38/1014982340.run(Unknown Source) ~[?:?]
	at java.util.concurrent.ThreadPoolExecutor.runWorker(ThreadPoolExecutor.java:1142) ~[?:1.8.0_131]
	at java.util.concurrent.ThreadPoolExecutor$Worker.run(ThreadPoolExecutor.java:617) ~[?:1.8.0_131]
	at java.lang.Thread.run(Thread.java:748) ~[?:1.8.0_131]
2017-06-11 20:26:30.041 [vertx-blocked-thread-checker] WARN  io.vertx.core.impl.BlockedThreadChecker - Thread Thread[vert.x-worker-thread-0,5,main] has been blocked for 11999598 ms, time limit is 60000
io.vertx.core.VertxException: Thread blocked
	at java.lang.Thread.sleep(Native Method) ~[?:1.8.0_131]
	at edu.vanderbilt.yunyul.vertxtw.DummyWorkerVerticle.start(DummyWorkerVerticle.java:10) ~[vertx-twitter-wall-1.0-SNAPSHOT.jar:?]
	at io.vertx.core.AbstractVerticle.start(AbstractVerticle.java:111) ~[vertx-twitter-wall-1.0-SNAPSHOT.jar:?]
	at io.vertx.core.impl.DeploymentManager.lambda$doDeploy$8(DeploymentManager.java:434) ~[vertx-twitter-wall-1.0-SNAPSHOT.jar:?]
	at io.vertx.core.impl.DeploymentManager$$Lambda$40/1225038340.handle(Unknown Source) ~[?:?]
	at io.vertx.core.impl.ContextImpl.lambda$wrapTask$2(ContextImpl.java:337) ~[vertx-twitter-wall-1.0-SNAPSHOT.jar:?]
	at io.vertx.core.impl.ContextImpl$$Lambda$41/1627396964.run(Unknown Source) ~[?:?]
	at io.vertx.core.impl.TaskQueue.lambda$new$0(TaskQueue.java:60) ~[vertx-twitter-wall-1.0-SNAPSHOT.jar:?]
	at io.vertx.core.impl.TaskQueue$$Lambda$38/1014982340.run(Unknown Source) ~[?:?]
	at java.util.concurrent.ThreadPoolExecutor.runWorker(ThreadPoolExecutor.java:1142) ~[?:1.8.0_131]
	at java.util.concurrent.ThreadPoolExecutor$Worker.run(ThreadPoolExecutor.java:617) ~[?:1.8.0_131]
	at java.lang.Thread.run(Thread.java:748) ~[?:1.8.0_131]
2017-06-11 20:36:30.041 [vertx-blocked-thread-checker] WARN  io.vertx.core.impl.BlockedThreadChecker - Thread Thread[vert.x-worker-thread-0,5,main] has been blocked for 12599598 ms, time limit is 60000
io.vertx.core.VertxException: Thread blocked
	at java.lang.Thread.sleep(Native Method) ~[?:1.8.0_131]
	at edu.vanderbilt.yunyul.vertxtw.DummyWorkerVerticle.start(DummyWorkerVerticle.java:10) ~[vertx-twitter-wall-1.0-SNAPSHOT.jar:?]
	at io.vertx.core.AbstractVerticle.start(AbstractVerticle.java:111) ~[vertx-twitter-wall-1.0-SNAPSHOT.jar:?]
	at io.vertx.core.impl.DeploymentManager.lambda$doDeploy$8(DeploymentManager.java:434) ~[vertx-twitter-wall-1.0-SNAPSHOT.jar:?]
	at io.vertx.core.impl.DeploymentManager$$Lambda$40/1225038340.handle(Unknown Source) ~[?:?]
	at io.vertx.core.impl.ContextImpl.lambda$wrapTask$2(ContextImpl.java:337) ~[vertx-twitter-wall-1.0-SNAPSHOT.jar:?]
	at io.vertx.core.impl.ContextImpl$$Lambda$41/1627396964.run(Unknown Source) ~[?:?]
	at io.vertx.core.impl.TaskQueue.lambda$new$0(TaskQueue.java:60) ~[vertx-twitter-wall-1.0-SNAPSHOT.jar:?]
	at io.vertx.core.impl.TaskQueue$$Lambda$38/1014982340.run(Unknown Source) ~[?:?]
	at java.util.concurrent.ThreadPoolExecutor.runWorker(ThreadPoolExecutor.java:1142) ~[?:1.8.0_131]
	at java.util.concurrent.ThreadPoolExecutor$Worker.run(ThreadPoolExecutor.java:617) ~[?:1.8.0_131]
	at java.lang.Thread.run(Thread.java:748) ~[?:1.8.0_131]
2017-06-11 20:46:30.042 [vertx-blocked-thread-checker] WARN  io.vertx.core.impl.BlockedThreadChecker - Thread Thread[vert.x-worker-thread-0,5,main] has been blocked for 13199598 ms, time limit is 60000
io.vertx.core.VertxException: Thread blocked
	at java.lang.Thread.sleep(Native Method) ~[?:1.8.0_131]
	at edu.vanderbilt.yunyul.vertxtw.DummyWorkerVerticle.start(DummyWorkerVerticle.java:10) ~[vertx-twitter-wall-1.0-SNAPSHOT.jar:?]
	at io.vertx.core.AbstractVerticle.start(AbstractVerticle.java:111) ~[vertx-twitter-wall-1.0-SNAPSHOT.jar:?]
	at io.vertx.core.impl.DeploymentManager.lambda$doDeploy$8(DeploymentManager.java:434) ~[vertx-twitter-wall-1.0-SNAPSHOT.jar:?]
	at io.vertx.core.impl.DeploymentManager$$Lambda$40/1225038340.handle(Unknown Source) ~[?:?]
	at io.vertx.core.impl.ContextImpl.lambda$wrapTask$2(ContextImpl.java:337) ~[vertx-twitter-wall-1.0-SNAPSHOT.jar:?]
	at io.vertx.core.impl.ContextImpl$$Lambda$41/1627396964.run(Unknown Source) ~[?:?]
	at io.vertx.core.impl.TaskQueue.lambda$new$0(TaskQueue.java:60) ~[vertx-twitter-wall-1.0-SNAPSHOT.jar:?]
	at io.vertx.core.impl.TaskQueue$$Lambda$38/1014982340.run(Unknown Source) ~[?:?]
	at java.util.concurrent.ThreadPoolExecutor.runWorker(ThreadPoolExecutor.java:1142) ~[?:1.8.0_131]
	at java.util.concurrent.ThreadPoolExecutor$Worker.run(ThreadPoolExecutor.java:617) ~[?:1.8.0_131]
	at java.lang.Thread.run(Thread.java:748) ~[?:1.8.0_131]
2017-06-11 20:56:30.043 [vertx-blocked-thread-checker] WARN  io.vertx.core.impl.BlockedThreadChecker - Thread Thread[vert.x-worker-thread-0,5,main] has been blocked for 13799599 ms, time limit is 60000
io.vertx.core.VertxException: Thread blocked
	at java.lang.Thread.sleep(Native Method) ~[?:1.8.0_131]
	at edu.vanderbilt.yunyul.vertxtw.DummyWorkerVerticle.start(DummyWorkerVerticle.java:10) ~[vertx-twitter-wall-1.0-SNAPSHOT.jar:?]
	at io.vertx.core.AbstractVerticle.start(AbstractVerticle.java:111) ~[vertx-twitter-wall-1.0-SNAPSHOT.jar:?]
	at io.vertx.core.impl.DeploymentManager.lambda$doDeploy$8(DeploymentManager.java:434) ~[vertx-twitter-wall-1.0-SNAPSHOT.jar:?]
	at io.vertx.core.impl.DeploymentManager$$Lambda$40/1225038340.handle(Unknown Source) ~[?:?]
	at io.vertx.core.impl.ContextImpl.lambda$wrapTask$2(ContextImpl.java:337) ~[vertx-twitter-wall-1.0-SNAPSHOT.jar:?]
	at io.vertx.core.impl.ContextImpl$$Lambda$41/1627396964.run(Unknown Source) ~[?:?]
	at io.vertx.core.impl.TaskQueue.lambda$new$0(TaskQueue.java:60) ~[vertx-twitter-wall-1.0-SNAPSHOT.jar:?]
	at io.vertx.core.impl.TaskQueue$$Lambda$38/1014982340.run(Unknown Source) ~[?:?]
	at java.util.concurrent.ThreadPoolExecutor.runWorker(ThreadPoolExecutor.java:1142) ~[?:1.8.0_131]
	at java.util.concurrent.ThreadPoolExecutor$Worker.run(ThreadPoolExecutor.java:617) ~[?:1.8.0_131]
	at java.lang.Thread.run(Thread.java:748) ~[?:1.8.0_131]
2017-06-11 21:06:30.043 [vertx-blocked-thread-checker] WARN  io.vertx.core.impl.BlockedThreadChecker - Thread Thread[vert.x-worker-thread-0,5,main] has been blocked for 14399600 ms, time limit is 60000
io.vertx.core.VertxException: Thread blocked
	at java.lang.Thread.sleep(Native Method) ~[?:1.8.0_131]
	at edu.vanderbilt.yunyul.vertxtw.DummyWorkerVerticle.start(DummyWorkerVerticle.java:10) ~[vertx-twitter-wall-1.0-SNAPSHOT.jar:?]
	at io.vertx.core.AbstractVerticle.start(AbstractVerticle.java:111) ~[vertx-twitter-wall-1.0-SNAPSHOT.jar:?]
	at io.vertx.core.impl.DeploymentManager.lambda$doDeploy$8(DeploymentManager.java:434) ~[vertx-twitter-wall-1.0-SNAPSHOT.jar:?]
	at io.vertx.core.impl.DeploymentManager$$Lambda$40/1225038340.handle(Unknown Source) ~[?:?]
	at io.vertx.core.impl.ContextImpl.lambda$wrapTask$2(ContextImpl.java:337) ~[vertx-twitter-wall-1.0-SNAPSHOT.jar:?]
	at io.vertx.core.impl.ContextImpl$$Lambda$41/1627396964.run(Unknown Source) ~[?:?]
	at io.vertx.core.impl.TaskQueue.lambda$new$0(TaskQueue.java:60) ~[vertx-twitter-wall-1.0-SNAPSHOT.jar:?]
	at io.vertx.core.impl.TaskQueue$$Lambda$38/1014982340.run(Unknown Source) ~[?:?]
	at java.util.concurrent.ThreadPoolExecutor.runWorker(ThreadPoolExecutor.java:1142) ~[?:1.8.0_131]
	at java.util.concurrent.ThreadPoolExecutor$Worker.run(ThreadPoolExecutor.java:617) ~[?:1.8.0_131]
	at java.lang.Thread.run(Thread.java:748) ~[?:1.8.0_131]
